#
# There is insufficient memory for the Java Runtime Environment to continue.
# Native memory allocation (malloc) failed to allocate 32744 bytes for ChunkPool::allocate
# Possible reasons:
#   The system is out of physical RAM or swap space
#   In 32 bit mode, the process size limit was hit
# Possible solutions:
#   Reduce memory load on the system
#   Increase physical memory or swap space
#   Check if swap backing store is full
#   Use 64 bit Java on a 64 bit OS
#   Decrease Java heap size (-Xmx/-Xms)
#   Decrease number of Java threads
#   Decrease Java thread stack sizes (-Xss)
#   Set larger code cache with -XX:ReservedCodeCacheSize=
# This output file may be truncated or incomplete.
#
#  Out of Memory Error (allocation.cpp:273), pid=6528, tid=0x0000000000002284
#
# JRE version: OpenJDK Runtime Environment (8.0_152-b06) (build 1.8.0_152-release-1136-b06)
# Java VM: OpenJDK 64-Bit Server VM (25.152-b06 mixed mode windows-amd64 compressed oops)
# Failed to write core dump. Minidumps are not enabled by default on client versions of Windows
#

---------------  T H R E A D  ---------------

Current thread (0x0000000015fe0000):  JavaThread "C2 CompilerThread1" daemon [_thread_in_native, id=8836, stack(0x0000000017710000,0x0000000017810000)]

Stack: [0x0000000017710000,0x0000000017810000]
[error occurred during error reporting (printing stack bounds), id 0xc0000005]

Native frames: (J=compiled Java code, j=interpreted, Vv=VM code, C=native code)


Current CompileTask:
C2: 469843 13462 %     4       com.android.tools.r8.dex.DexParser::parseCodeItem @ 75 (484 bytes)


---------------  P R O C E S S  ---------------

Java Threads: ( => current thread )
  0x000000001b1d5000 JavaThread "ForkJoinPool-8-worker-0" daemon [_thread_blocked, id=9236, stack(0x00000000266e0000,0x00000000267e0000)]
  0x000000001b1d4000 JavaThread "ForkJoinPool-8-worker-3" daemon [_thread_blocked, id=8340, stack(0x00000000265e0000,0x00000000266e0000)]
  0x000000001b1d3800 JavaThread "ForkJoinPool-8-worker-2" daemon [_thread_blocked, id=10984, stack(0x00000000264e0000,0x00000000265e0000)]
  0x000000001b1d2800 JavaThread "ForkJoinPool-8-worker-1" daemon [_thread_in_Java, id=5788, stack(0x0000000026100000,0x0000000026200000)]
  0x000000001b1ce000 JavaThread "ForkJoinPool.commonPool-worker-1" daemon [_thread_blocked, id=9876, stack(0x0000000023a50000,0x0000000023b50000)]
  0x000000001b1d0000 JavaThread "Cache worker for Java compile cache (C:\Users\yididiya\AndroidStudioProjects\EvasueBibleStudy\.gradle\4.6\javaCompile)" [_thread_blocked, id=8736, stack(0x0000000023950000,0x0000000023a50000)]
  0x000000001b1c6800 JavaThread "stdout" daemon [_thread_in_native, id=5492, stack(0x0000000025800000,0x0000000025900000)]
  0x000000001b1cd000 JavaThread "stderr" daemon [_thread_in_native, id=8984, stack(0x0000000025700000,0x0000000025800000)]
  0x000000001b1cc800 JavaThread "stdout" daemon [_thread_in_native, id=4564, stack(0x0000000025600000,0x0000000025700000)]
  0x000000001b1cb800 JavaThread "stderr" daemon [_thread_in_native, id=11208, stack(0x0000000025500000,0x0000000025600000)]
  0x000000001b1ca000 JavaThread "pool-5-thread-1" [_thread_blocked, id=6664, stack(0x0000000025200000,0x0000000025300000)]
  0x000000001b1c7000 JavaThread "ForkJoinPool.commonPool-worker-0" daemon [_thread_blocked, id=8416, stack(0x0000000025100000,0x0000000025200000)]
  0x000000001eebc000 JavaThread "Task worker for ':' Thread 3" [_thread_blocked, id=8616, stack(0x0000000023450000,0x0000000023550000)]
  0x000000001eebe000 JavaThread "Task worker for ':' Thread 2" [_thread_blocked, id=1832, stack(0x0000000023350000,0x0000000023450000)]
  0x000000001eec0800 JavaThread "Task worker for ':'" [_thread_blocked, id=8928, stack(0x0000000022a60000,0x0000000022b60000)]
  0x000000001ae88800 JavaThread "Cache worker for Build Output Cleanup Cache (C:\Users\yididiya\AndroidStudioProjects\EvasueBibleStudy\.gradle\buildOutputCleanup)" [_thread_blocked, id=8060, stack(0x000000001fb60000,0x000000001fc60000)]
  0x000000001ae8e800 JavaThread "Cache worker for task history cache (C:\Users\yididiya\AndroidStudioProjects\EvasueBibleStudy\.gradle\4.6\taskHistory)" [_thread_blocked, id=10828, stack(0x000000001fa60000,0x000000001fb60000)]
  0x000000001ae8a000 JavaThread "Cache worker for file content cache (C:\Users\yididiya\AndroidStudioProjects\EvasueBibleStudy\.gradle\4.6\fileContent)" [_thread_blocked, id=10732, stack(0x000000001f960000,0x000000001fa60000)]
  0x000000001ab28000 JavaThread "Build operations Thread 4" [_thread_blocked, id=6896, stack(0x0000000023250000,0x0000000023350000)]
  0x000000001ab27800 JavaThread "Build operations Thread 3" [_thread_blocked, id=7804, stack(0x0000000022e30000,0x0000000022f30000)]
  0x000000001ab26000 JavaThread "Build operations Thread 2" [_thread_blocked, id=10432, stack(0x0000000022d30000,0x0000000022e30000)]
  0x000000001ab1e800 JavaThread "Build operations" [_thread_blocked, id=6128, stack(0x0000000022c30000,0x0000000022d30000)]
  0x000000001ab25000 JavaThread "Cache worker for Artifact transforms cache (C:\Users\yididiya\.gradle\caches\transforms-1)" [_thread_blocked, id=7812, stack(0x000000001e4c0000,0x000000001e5c0000)]
  0x000000001ab1d800 JavaThread "Cache worker for file hash cache (C:\Users\yididiya\AndroidStudioProjects\EvasueBibleStudy\.gradle\4.6\fileHashes)" [_thread_blocked, id=4524, stack(0x000000001e170000,0x000000001e270000)]
  0x000000001ab24800 JavaThread "Stdin handler" [_thread_blocked, id=6520, stack(0x000000001caa0000,0x000000001cba0000)]
  0x000000001ab23800 JavaThread "Asynchronous log dispatcher for DefaultDaemonConnection: socket connection from /127.0.0.1:65275 to /127.0.0.1:65346" [_thread_blocked, id=5512, stack(0x000000001a400000,0x000000001a500000)]
  0x000000001ab23000 JavaThread "Daemon worker Thread 2" [_thread_blocked, id=11048, stack(0x0000000019f00000,0x000000001a000000)]
  0x000000001ab22000 JavaThread "Cancel handler" [_thread_blocked, id=8628, stack(0x00000000022b0000,0x00000000023b0000)]
  0x000000001ab1a800 JavaThread "Handler for socket connection from /127.0.0.1:65275 to /127.0.0.1:65346" [_thread_in_native, id=256, stack(0x0000000000990000,0x0000000000a90000)]
  0x000000001ab20800 JavaThread "Daemon Thread 2" [_thread_blocked, id=6008, stack(0x0000000000890000,0x0000000000990000)]
  0x000000001ab1f000 JavaThread "pool-1-thread-1" [_thread_blocked, id=5180, stack(0x0000000022760000,0x0000000022860000)]
  0x000000001ae8b800 JavaThread "Memory manager" [_thread_blocked, id=8520, stack(0x000000001fe60000,0x000000001ff60000)]
  0x000000001a7f0000 JavaThread "File lock request listener" [_thread_in_native, id=1540, stack(0x000000001b9d0000,0x000000001bad0000)]
  0x0000000018839800 JavaThread "Cache worker for file hash cache (C:\Users\yididiya\.gradle\caches\4.6\fileHashes)" [_thread_blocked, id=2152, stack(0x000000001b8d0000,0x000000001b9d0000)]
  0x000000001903c800 JavaThread "Daemon periodic checks" [_thread_blocked, id=5456, stack(0x0000000019e00000,0x0000000019f00000)]
  0x00000000181ce000 JavaThread "Incoming local TCP Connector on port 65275" [_thread_in_native, id=7580, stack(0x0000000019c20000,0x0000000019d20000)]
  0x000000001603e800 JavaThread "Service Thread" daemon [_thread_blocked, id=6288, stack(0x0000000017d10000,0x0000000017e10000)]
  0x0000000015feb000 JavaThread "C1 CompilerThread2" daemon [_thread_blocked, id=4468, stack(0x0000000017810000,0x0000000017910000)]
=>0x0000000015fe0000 JavaThread "C2 CompilerThread1" daemon [_thread_in_native, id=8836, stack(0x0000000017710000,0x0000000017810000)]
  0x0000000015fdb000 JavaThread "C2 CompilerThread0" daemon [_thread_in_native, id=5976, stack(0x0000000017610000,0x0000000017710000)]
  0x0000000015fd9800 JavaThread "Attach Listener" daemon [_thread_blocked, id=10272, stack(0x0000000017510000,0x0000000017610000)]
  0x0000000015fd8000 JavaThread "Signal Dispatcher" daemon [_thread_blocked, id=4588, stack(0x0000000017410000,0x0000000017510000)]
  0x0000000015fc8800 JavaThread "Finalizer" daemon [_thread_blocked, id=5484, stack(0x0000000017230000,0x0000000017330000)]
  0x0000000002661000 JavaThread "Reference Handler" daemon [_thread_blocked, id=6984, stack(0x0000000017130000,0x0000000017230000)]
  0x000000000245e000 JavaThread "main" [_thread_blocked, id=10740, stack(0x0000000002470000,0x0000000002570000)]

Other Threads:
  0x0000000015fa5800 VMThread [stack: 0x0000000017030000,0x0000000017130000] [id=7024]
  0x0000000017950800 WatcherThread [stack: 0x0000000017e10000,0x0000000017f10000] [id=5204]

VM state:not at safepoint (normal execution)

VM Mutex/Monitor currently owned by a thread: None

Heap:
 PSYoungGen      total 229888K, used 190983K [0x00000000e0000000, 0x00000000efd00000, 0x0000000100000000)
  eden space 212992K, 84% used [0x00000000e0000000,0x00000000eaf5b3d8,0x00000000ed000000)
  from space 16896K, 67% used [0x00000000eec80000,0x00000000ef7a6b18,0x00000000efd00000)
  to   space 23040K, 0% used [0x00000000ed000000,0x00000000ed000000,0x00000000ee680000)
 ParOldGen       total 91648K, used 69291K [0x00000000a0000000, 0x00000000a5980000, 0x00000000e0000000)
  object space 91648K, 75% used [0x00000000a0000000,0x00000000a43aadb0,0x00000000a5980000)
 Metaspace       used 78203K, capacity 81130K, committed 81280K, reserved 1120256K
  class space    used 10210K, capacity 10822K, committed 10880K, reserved 1048576K

Card table byte_map: [0x0000000011a30000,0x0000000011d40000] byte_map_base: 0x0000000011530000

Marking Bits: (ParMarkBitMap*) 0x000000005ed35aa0
 Begin Bits: [0x0000000012340000, 0x0000000013b40000)
 End Bits:   [0x0000000013b40000, 0x0000000015340000)

Polling page: 0x0000000000760000

CodeCache: size=245760Kb used=35595Kb max_used=35595Kb free=210164Kb
 bounds [0x0000000002670000, 0x0000000004960000, 0x0000000011670000]
 total_blobs=12355 nmethods=11503 adapters=763
 compilation: enabled

Compilation events (10 events):
Event: 469.682 Thread 0x0000000015feb000 13553       3       java.util.concurrent.ForkJoinPool::scan (416 bytes)
Event: 469.684 Thread 0x0000000015feb000 nmethod 13553 0x0000000004959610 code [0x00000000049597e0, 0x000000000495a3b8]
Event: 469.687 Thread 0x0000000015feb000 13554 %     3       com.android.tools.r8.ir.desugar.CovariantReturnTypeAnnotationTransformer::buildCovariantReturnTypeMethodsForClass @ 14 (61 bytes)
Event: 469.687 Thread 0x0000000015feb000 nmethod 13554% 0x000000000495a810 code [0x000000000495a9c0, 0x000000000495af28]
Event: 469.687 Thread 0x0000000015feb000 13555       3       com.android.tools.r8.ir.desugar.CovariantReturnTypeAnnotationTransformer::buildCovariantReturnTypeMethodsForClass (61 bytes)
Event: 469.688 Thread 0x0000000015feb000 nmethod 13555 0x000000000495b210 code [0x000000000495b3a0, 0x000000000495b808]
Event: 469.693 Thread 0x0000000015feb000 13556       2       com.android.tools.r8.graph.DexAnnotation::createEnclosingMethodAnnotation (17 bytes)
Event: 469.693 Thread 0x0000000015feb000 nmethod 13556 0x000000000495ba10 code [0x000000000495bb80, 0x000000000495bd48]
Event: 469.695 Thread 0x0000000015feb000 13557       1       com.android.tools.r8.graph.DexClass::clearEnclosingMethod (6 bytes)
Event: 469.695 Thread 0x0000000015feb000 nmethod 13557 0x000000000495be50 code [0x000000000495bfa0, 0x000000000495c0d0]

GC Heap History (10 events):
Event: 24.056 GC heap before
{Heap before GC invocations=17 (full 2):
 PSYoungGen      total 159744K, used 34873K [0x00000000e0000000, 0x00000000eb200000, 0x0000000100000000)
  eden space 145408K, 16% used [0x00000000e0000000,0x00000000e1730268,0x00000000e8e00000)
  from space 14336K, 77% used [0x00000000e9d00000,0x00000000ea7de580,0x00000000eab00000)
  to   space 15360K, 0% used [0x00000000e8e00000,0x00000000e8e00000,0x00000000e9d00000)
 ParOldGen       total 53760K, used 31905K [0x00000000a0000000, 0x00000000a3480000, 0x00000000e0000000)
  object space 53760K, 59% used [0x00000000a0000000,0x00000000a1f284d0,0x00000000a3480000)
 Metaspace       used 57404K, capacity 58998K, committed 59028K, reserved 1099776K
  class space    used 7797K, capacity 8180K, committed 8192K, reserved 1048576K
Event: 24.070 GC heap after
Heap after GC invocations=17 (full 2):
 PSYoungGen      total 160768K, used 14077K [0x00000000e0000000, 0x00000000edd00000, 0x0000000100000000)
  eden space 145408K, 0% used [0x00000000e0000000,0x00000000e0000000,0x00000000e8e00000)
  from space 15360K, 91% used [0x00000000e8e00000,0x00000000e9bbf770,0x00000000e9d00000)
  to   space 17408K, 0% used [0x00000000ecc00000,0x00000000ecc00000,0x00000000edd00000)
 ParOldGen       total 53760K, used 31913K [0x00000000a0000000, 0x00000000a3480000, 0x00000000e0000000)
  object space 53760K, 59% used [0x00000000a0000000,0x00000000a1f2a4d0,0x00000000a3480000)
 Metaspace       used 57404K, capacity 58998K, committed 59028K, reserved 1099776K
  class space    used 7797K, capacity 8180K, committed 8192K, reserved 1048576K
}
Event: 24.070 GC heap before
{Heap before GC invocations=18 (full 3):
 PSYoungGen      total 160768K, used 14077K [0x00000000e0000000, 0x00000000edd00000, 0x0000000100000000)
  eden space 145408K, 0% used [0x00000000e0000000,0x00000000e0000000,0x00000000e8e00000)
  from space 15360K, 91% used [0x00000000e8e00000,0x00000000e9bbf770,0x00000000e9d00000)
  to   space 17408K, 0% used [0x00000000ecc00000,0x00000000ecc00000,0x00000000edd00000)
 ParOldGen       total 53760K, used 31913K [0x00000000a0000000, 0x00000000a3480000, 0x00000000e0000000)
  object space 53760K, 59% used [0x00000000a0000000,0x00000000a1f2a4d0,0x00000000a3480000)
 Metaspace       used 57404K, capacity 58998K, committed 59028K, reserved 1099776K
  class space    used 7797K, capacity 8180K, committed 8192K, reserved 1048576K
Event: 24.357 GC heap after
Heap after GC invocations=18 (full 3):
 PSYoungGen      total 160768K, used 0K [0x00000000e0000000, 0x00000000edd00000, 0x0000000100000000)
  eden space 145408K, 0% used [0x00000000e0000000,0x00000000e0000000,0x00000000e8e00000)
  from space 15360K, 0% used [0x00000000e8e00000,0x00000000e8e00000,0x00000000e9d00000)
  to   space 17408K, 0% used [0x00000000ecc00000,0x00000000ecc00000,0x00000000edd00000)
 ParOldGen       total 91648K, used 38797K [0x00000000a0000000, 0x00000000a5980000, 0x00000000e0000000)
  object space 91648K, 42% used [0x00000000a0000000,0x00000000a25e3440,0x00000000a5980000)
 Metaspace       used 57404K, capacity 58998K, committed 59028K, reserved 1099776K
  class space    used 7797K, capacity 8180K, committed 8192K, reserved 1048576K
}
Event: 26.679 GC heap before
{Heap before GC invocations=19 (full 3):
 PSYoungGen      total 160768K, used 145408K [0x00000000e0000000, 0x00000000edd00000, 0x0000000100000000)
  eden space 145408K, 100% used [0x00000000e0000000,0x00000000e8e00000,0x00000000e8e00000)
  from space 15360K, 0% used [0x00000000e8e00000,0x00000000e8e00000,0x00000000e9d00000)
  to   space 17408K, 0% used [0x00000000ecc00000,0x00000000ecc00000,0x00000000edd00000)
 ParOldGen       total 91648K, used 38797K [0x00000000a0000000, 0x00000000a5980000, 0x00000000e0000000)
  object space 91648K, 42% used [0x00000000a0000000,0x00000000a25e3440,0x00000000a5980000)
 Metaspace       used 61204K, capacity 63202K, committed 63360K, reserved 1103872K
  class space    used 8306K, capacity 8778K, committed 8832K, reserved 1048576K
Event: 26.723 GC heap after
Heap after GC invocations=19 (full 3):
 PSYoungGen      total 201216K, used 17381K [0x00000000e0000000, 0x00000000ee380000, 0x0000000100000000)
  eden space 183808K, 0% used [0x00000000e0000000,0x00000000e0000000,0x00000000eb380000)
  from space 17408K, 99% used [0x00000000ecc00000,0x00000000edcf9568,0x00000000edd00000)
  to   space 24576K, 0% used [0x00000000eb380000,0x00000000eb380000,0x00000000ecb80000)
 ParOldGen       total 91648K, used 51901K [0x00000000a0000000, 0x00000000a5980000, 0x00000000e0000000)
  object space 91648K, 56% used [0x00000000a0000000,0x00000000a32af480,0x00000000a5980000)
 Metaspace       used 61204K, capacity 63202K, committed 63360K, reserved 1103872K
  class space    used 8306K, capacity 8778K, committed 8832K, reserved 1048576K
}
Event: 28.380 GC heap before
{Heap before GC invocations=20 (full 3):
 PSYoungGen      total 201216K, used 201189K [0x00000000e0000000, 0x00000000ee380000, 0x0000000100000000)
  eden space 183808K, 100% used [0x00000000e0000000,0x00000000eb380000,0x00000000eb380000)
  from space 17408K, 99% used [0x00000000ecc00000,0x00000000edcf9568,0x00000000edd00000)
  to   space 24576K, 0% used [0x00000000eb380000,0x00000000eb380000,0x00000000ecb80000)
 ParOldGen       total 91648K, used 51901K [0x00000000a0000000, 0x00000000a5980000, 0x00000000e0000000)
  object space 91648K, 56% used [0x00000000a0000000,0x00000000a32af480,0x00000000a5980000)
 Metaspace       used 63470K, capacity 65700K, committed 65920K, reserved 1105920K
  class space    used 8606K, capacity 9087K, committed 9088K, reserved 1048576K
Event: 28.415 GC heap after
Heap after GC invocations=20 (full 3):
 PSYoungGen      total 208384K, used 5906K [0x00000000e0000000, 0x00000000f0400000, 0x0000000100000000)
  eden space 183808K, 0% used [0x00000000e0000000,0x00000000e0000000,0x00000000eb380000)
  from space 24576K, 24% used [0x00000000eb380000,0x00000000eb944818,0x00000000ecb80000)
  to   space 24064K, 0% used [0x00000000eec80000,0x00000000eec80000,0x00000000f0400000)
 ParOldGen       total 91648K, used 69283K [0x00000000a0000000, 0x00000000a5980000, 0x00000000e0000000)
  object space 91648K, 75% used [0x00000000a0000000,0x00000000a43a8db0,0x00000000a5980000)
 Metaspace       used 63470K, capacity 65700K, committed 65920K, reserved 1105920K
  class space    used 8606K, capacity 9087K, committed 9088K, reserved 1048576K
}
Event: 461.264 GC heap before
{Heap before GC invocations=21 (full 3):
 PSYoungGen      total 208384K, used 189714K [0x00000000e0000000, 0x00000000f0400000, 0x0000000100000000)
  eden space 183808K, 100% used [0x00000000e0000000,0x00000000eb380000,0x00000000eb380000)
  from space 24576K, 24% used [0x00000000eb380000,0x00000000eb944818,0x00000000ecb80000)
  to   space 24064K, 0% used [0x00000000eec80000,0x00000000eec80000,0x00000000f0400000)
 ParOldGen       total 91648K, used 69283K [0x00000000a0000000, 0x00000000a5980000, 0x00000000e0000000)
  object space 91648K, 75% used [0x00000000a0000000,0x00000000a43a8db0,0x00000000a5980000)
 Metaspace       used 69288K, capacity 71836K, committed 71936K, reserved 1112064K
  class space    used 9159K, capacity 9695K, committed 9728K, reserved 1048576K
Event: 461.458 GC heap after
Heap after GC invocations=21 (full 3):
 PSYoungGen      total 229888K, used 11418K [0x00000000e0000000, 0x00000000efd00000, 0x0000000100000000)
  eden space 212992K, 0% used [0x00000000e0000000,0x00000000e0000000,0x00000000ed000000)
  from space 16896K, 67% used [0x00000000eec80000,0x00000000ef7a6b18,0x00000000efd00000)
  to   space 23040K, 0% used [0x00000000ed000000,0x00000000ed000000,0x00000000ee680000)
 ParOldGen       total 91648K, used 69291K [0x00000000a0000000, 0x00000000a5980000, 0x00000000e0000000)
  object space 91648K, 75% used [0x00000000a0000000,0x00000000a43aadb0,0x00000000a5980000)
 Metaspace       used 69288K, capacity 71836K, committed 71936K, reserved 1112064K
  class space    used 9159K, capacity 9695K, committed 9728K, reserved 1048576K
}

Deoptimization events (10 events):
Event: 468.716 Thread 0x000000001b1c7000 Uncommon trap: reason=bimorphic action=maybe_recompile pc=0x0000000003d49958 method=com.android.tools.r8.it.unimi.dsi.fastutil.objects.Object2IntLinkedOpenHashMap.getInt(Ljava/lang/Object;)I @ 35
Event: 468.716 Thread 0x000000001b1c7000 Uncommon trap: reason=bimorphic action=maybe_recompile pc=0x0000000003d49958 method=com.android.tools.r8.it.unimi.dsi.fastutil.objects.Object2IntLinkedOpenHashMap.getInt(Ljava/lang/Object;)I @ 35
Event: 468.716 Thread 0x000000001b1c7000 Uncommon trap: reason=bimorphic action=maybe_recompile pc=0x0000000003d49958 method=com.android.tools.r8.it.unimi.dsi.fastutil.objects.Object2IntLinkedOpenHashMap.getInt(Ljava/lang/Object;)I @ 35
Event: 469.024 Thread 0x000000001eebe000 Uncommon trap: reason=class_check action=maybe_recompile pc=0x000000000434bf98 method=com.google.common.collect.ImmutableMap.copyOf(Ljava/util/Map;)Lcom/google/common/collect/ImmutableMap; @ 49
Event: 469.024 Thread 0x000000001eebe000 Uncommon trap: reason=class_check action=maybe_recompile pc=0x0000000004352df0 method=com.google.common.collect.Iterables.castOrCopyToCollection(Ljava/lang/Iterable;)Ljava/util/Collection; @ 1
Event: 469.024 Thread 0x000000001eebe000 Uncommon trap: reason=class_check action=maybe_recompile pc=0x000000000434bf98 method=com.google.common.collect.ImmutableMap.copyOf(Ljava/util/Map;)Lcom/google/common/collect/ImmutableMap; @ 49
Event: 469.024 Thread 0x000000001eebe000 Uncommon trap: reason=class_check action=maybe_recompile pc=0x0000000004352df0 method=com.google.common.collect.Iterables.castOrCopyToCollection(Ljava/lang/Iterable;)Ljava/util/Collection; @ 1
Event: 469.032 Thread 0x000000001b1d2800 Uncommon trap: reason=class_check action=maybe_recompile pc=0x00000000042058c4 method=java.util.stream.ReduceOps$3ReducingSink.accept(Ljava/lang/Object;)V @ 9
Event: 469.032 Thread 0x000000001b1d2800 Uncommon trap: reason=class_check action=maybe_recompile pc=0x00000000042058c4 method=java.util.stream.ReduceOps$3ReducingSink.accept(Ljava/lang/Object;)V @ 9
Event: 469.408 Thread 0x000000001b1d2800 Uncommon trap: reason=unstable_if action=reinterpret pc=0x000000000493118c method=java.util.concurrent.ForkJoinPool.helpStealer(Ljava/util/concurrent/ForkJoinPool$WorkQueue;Ljava/util/concurrent/ForkJoinTask;)V @ 95

Classes redefined (0 events):
No events

Internal exceptions (10 events):
Event: 468.752 Thread 0x000000001b1c7000 Exception <a 'sun/nio/fs/WindowsException'> (0x00000000e6eb60f0) thrown at [D:\src\AOSP-openjdk-cygwin\jdk8u\hotspot\src\share\vm\prims\jni.cpp, line 709]
Event: 468.758 Thread 0x000000001b1c7000 Exception <a 'sun/nio/fs/WindowsException'> (0x00000000e7059280) thrown at [D:\src\AOSP-openjdk-cygwin\jdk8u\hotspot\src\share\vm\prims\jni.cpp, line 709]
Event: 468.762 Thread 0x000000001b1c7000 Exception <a 'sun/nio/fs/WindowsException'> (0x00000000e7065878) thrown at [D:\src\AOSP-openjdk-cygwin\jdk8u\hotspot\src\share\vm\prims\jni.cpp, line 709]
Event: 468.765 Thread 0x000000001b1c7000 Exception <a 'sun/nio/fs/WindowsException'> (0x00000000e706c1a8) thrown at [D:\src\AOSP-openjdk-cygwin\jdk8u\hotspot\src\share\vm\prims\jni.cpp, line 709]
Event: 468.770 Thread 0x000000001b1c7000 Exception <a 'sun/nio/fs/WindowsException'> (0x00000000e713a108) thrown at [D:\src\AOSP-openjdk-cygwin\jdk8u\hotspot\src\share\vm\prims\jni.cpp, line 709]
Event: 468.772 Thread 0x000000001b1c7000 Exception <a 'sun/nio/fs/WindowsException'> (0x00000000e7140088) thrown at [D:\src\AOSP-openjdk-cygwin\jdk8u\hotspot\src\share\vm\prims\jni.cpp, line 709]
Event: 468.776 Thread 0x000000001b1c7000 Exception <a 'sun/nio/fs/WindowsException'> (0x00000000e71499e8) thrown at [D:\src\AOSP-openjdk-cygwin\jdk8u\hotspot\src\share\vm\prims\jni.cpp, line 709]
Event: 468.778 Thread 0x000000001b1c7000 Exception <a 'sun/nio/fs/WindowsException'> (0x00000000e714f010) thrown at [D:\src\AOSP-openjdk-cygwin\jdk8u\hotspot\src\share\vm\prims\jni.cpp, line 709]
Event: 468.780 Thread 0x000000001b1c7000 Exception <a 'sun/nio/fs/WindowsException'> (0x00000000e7154f90) thrown at [D:\src\AOSP-openjdk-cygwin\jdk8u\hotspot\src\share\vm\prims\jni.cpp, line 709]
Event: 469.293 Thread 0x000000001b1d2800 Exception <a 'sun/nio/fs/WindowsException'> (0x00000000e783dd50) thrown at [D:\src\AOSP-openjdk-cygwin\jdk8u\hotspot\src\share\vm\prims\jni.cpp, line 709]

Events (10 events):
Event: 469.708 Thread 0x000000001b1d2800 DEOPT PACKING pc=0x0000000003c8cb99 sp=0x00000000261fe890
Event: 469.708 Thread 0x000000001b1d2800 DEOPT UNPACKING pc=0x00000000026b75d0 sp=0x00000000261fe600 mode 0
Event: 469.713 Thread 0x000000001b1d2800 DEOPT PACKING pc=0x0000000003c8cb99 sp=0x00000000261fe890
Event: 469.713 Thread 0x000000001b1d2800 DEOPT UNPACKING pc=0x00000000026b75d0 sp=0x00000000261fe600 mode 0
Event: 469.724 Thread 0x000000001b1d2800 DEOPT PACKING pc=0x0000000003c8cb99 sp=0x00000000261fe890
Event: 469.724 Thread 0x000000001b1d2800 DEOPT UNPACKING pc=0x00000000026b75d0 sp=0x00000000261fe600 mode 0
Event: 469.730 Thread 0x000000001b1d2800 DEOPT PACKING pc=0x0000000003c8cb99 sp=0x00000000261fe890
Event: 469.730 Thread 0x000000001b1d2800 DEOPT UNPACKING pc=0x00000000026b75d0 sp=0x00000000261fe600 mode 0
Event: 469.733 Thread 0x000000001b1d2800 DEOPT PACKING pc=0x0000000003c8cb99 sp=0x00000000261fe890
Event: 469.733 Thread 0x000000001b1d2800 DEOPT UNPACKING pc=0x00000000026b75d0 sp=0x00000000261fe600 mode 0


Dynamic libraries:
0x00007ff76f230000 - 0x00007ff76f261000 	C:\Program Files\Android\Android Studio1\jre\bin\java.exe
0x00007ff9fdf70000 - 0x00007ff9fe132000 	C:\Windows\SYSTEM32\ntdll.dll
0x00007ff9fdc70000 - 0x00007ff9fdd1d000 	C:\Windows\system32\KERNEL32.DLL
0x00007ff9fad70000 - 0x00007ff9faf4d000 	C:\Windows\system32\KERNELBASE.dll
0x00007ff9fd7c0000 - 0x00007ff9fd866000 	C:\Windows\system32\ADVAPI32.dll
0x00007ff9fdd20000 - 0x00007ff9fddbd000 	C:\Windows\system32\msvcrt.dll
0x00007ff9fd870000 - 0x00007ff9fd8cb000 	C:\Windows\system32\sechost.dll
0x00007ff9fb630000 - 0x00007ff9fb756000 	C:\Windows\system32\RPCRT4.dll
0x00007ff9fbd80000 - 0x00007ff9fbece000 	C:\Windows\system32\USER32.dll
0x00007ff9fd4d0000 - 0x00007ff9fd653000 	C:\Windows\system32\GDI32.dll
0x00007ff9ed3b0000 - 0x00007ff9ed624000 	C:\Windows\WinSxS\amd64_microsoft.windows.common-controls_6595b64144ccf1df_6.0.10240.17184_none_f41d7a705752bce6\COMCTL32.dll
0x00007ff9fbb00000 - 0x00007ff9fbb36000 	C:\Windows\system32\IMM32.DLL
0x00007ff9fbc20000 - 0x00007ff9fbd7c000 	C:\Windows\system32\MSCTF.dll
0x000000005e3b0000 - 0x000000005e482000 	C:\Program Files\Android\Android Studio1\jre\jre\bin\msvcr100.dll
0x000000005e570000 - 0x000000005edb1000 	C:\Program Files\Android\Android Studio1\jre\jre\bin\server\jvm.dll
0x00007ff9fb760000 - 0x00007ff9fb768000 	C:\Windows\system32\PSAPI.DLL
0x00007ff9eee00000 - 0x00007ff9eee0a000 	C:\Windows\SYSTEM32\VERSION.dll
0x00007ff9f8f10000 - 0x00007ff9f8f33000 	C:\Windows\SYSTEM32\WINMM.dll
0x00007ff9f8ca0000 - 0x00007ff9f8ca9000 	C:\Windows\SYSTEM32\WSOCK32.dll
0x00007ff9f8e80000 - 0x00007ff9f8eac000 	C:\Windows\SYSTEM32\WINMMBASE.dll
0x00007ff9fb580000 - 0x00007ff9fb5c4000 	C:\Windows\system32\cfgmgr32.dll
0x00007ff9fda30000 - 0x00007ff9fda99000 	C:\Windows\system32\WS2_32.dll
0x00007ff9fbc10000 - 0x00007ff9fbc18000 	C:\Windows\system32\NSI.dll
0x00007ff9f9270000 - 0x00007ff9f9297000 	C:\Windows\SYSTEM32\DEVOBJ.dll
0x00007ff9f8860000 - 0x00007ff9f886f000 	C:\Program Files\Android\Android Studio1\jre\jre\bin\verify.dll
0x00007ff9f8420000 - 0x00007ff9f8449000 	C:\Program Files\Android\Android Studio1\jre\jre\bin\java.dll
0x00007ff9f8110000 - 0x00007ff9f8126000 	C:\Program Files\Android\Android Studio1\jre\jre\bin\zip.dll
0x00007ff9fbfa0000 - 0x00007ff9fd4c3000 	C:\Windows\system32\SHELL32.dll
0x00007ff9faf50000 - 0x00007ff9fb579000 	C:\Windows\system32\windows.storage.dll
0x00007ff9fb7d0000 - 0x00007ff9fba4c000 	C:\Windows\system32\combase.dll
0x00007ff9fd760000 - 0x00007ff9fd7b1000 	C:\Windows\system32\shlwapi.dll
0x00007ff9fa9e0000 - 0x00007ff9fa9ef000 	C:\Windows\system32\kernel.appcore.dll
0x00007ff9facb0000 - 0x00007ff9fad63000 	C:\Windows\system32\shcore.dll
0x00007ff9fa990000 - 0x00007ff9fa9da000 	C:\Windows\system32\powrprof.dll
0x00007ff9fa9f0000 - 0x00007ff9faa03000 	C:\Windows\system32\profapi.dll
0x00007ff9f80f0000 - 0x00007ff9f810a000 	C:\Program Files\Android\Android Studio1\jre\jre\bin\net.dll
0x00007ff9fa1a0000 - 0x00007ff9fa1fd000 	C:\Windows\system32\mswsock.dll
0x00007ff9f60d0000 - 0x00007ff9f60e1000 	C:\Program Files\Android\Android Studio1\jre\jre\bin\nio.dll
0x00007ff9e1070000 - 0x00007ff9e108e000 	C:\Users\yididiya\.gradle\native\25\windows-amd64\native-platform.dll
0x00007ff9f8150000 - 0x00007ff9f815d000 	C:\Program Files\Android\Android Studio1\jre\jre\bin\management.dll
0x00007ff9fa200000 - 0x00007ff9fa217000 	C:\Windows\SYSTEM32\CRYPTSP.dll
0x00007ff9fa8c0000 - 0x00007ff9fa8e8000 	C:\Windows\SYSTEM32\bcrypt.dll
0x00007ff9f9e50000 - 0x00007ff9f9e83000 	C:\Windows\system32\rsaenh.dll
0x00007ff9f9f80000 - 0x00007ff9f9f9f000 	C:\Windows\SYSTEM32\USERENV.dll
0x00007ff9fa7b0000 - 0x00007ff9fa81b000 	C:\Windows\system32\bcryptprimitives.dll
0x00007ff9fa350000 - 0x00007ff9fa35b000 	C:\Windows\SYSTEM32\CRYPTBASE.dll
0x00007ff9f8640000 - 0x00007ff9f8678000 	C:\Windows\SYSTEM32\IPHLPAPI.DLL
0x00007ff9f8630000 - 0x00007ff9f863b000 	C:\Windows\SYSTEM32\WINNSI.DLL
0x00007ff9f23b0000 - 0x00007ff9f23c6000 	C:\Windows\SYSTEM32\dhcpcsvc6.DLL
0x00007ff9f2390000 - 0x00007ff9f23aa000 	C:\Windows\SYSTEM32\dhcpcsvc.DLL

VM Arguments:
jvm_args: -Xmx1536m -Dfile.encoding=windows-1252 -Duser.country=US -Duser.language=en -Duser.variant 
java_command: org.gradle.launcher.daemon.bootstrap.GradleDaemon 4.6
java_class_path (initial): C:\Users\yididiya\.gradle\wrapper\dists\gradle-4.6-all\bcst21l2brirad8k2ben1letg\gradle-4.6\lib\gradle-launcher-4.6.jar
Launcher Type: SUN_STANDARD

Environment Variables:
JAVA_HOME=C:\Program Files\Java\jdk1.8.0_151
PATH=C:\Program Files\Java\jdk-10.0.1\bin;C:\Program Files (x86)\GtkSharp\2.12\bin;C:\Program Files (x86)\Microsoft SQL Server\Client SDK\ODBC\130\Tools\Binn\;C:\Program Files (x86)\Microsoft SQL Server\140\Tools\Binn\;C:\Program Files (x86)\Microsoft SQL Server\140\DTS\Binn\;C:\Program Files (x86)\Microsoft SQL Server\140\Tools\Binn\ManagementStudio\;C:\Program Files\Java\jdk1.8.0_151\bin
USERNAME=yididiya
OS=Windows_NT
PROCESSOR_IDENTIFIER=Intel64 Family 6 Model 61 Stepping 4, GenuineIntel



---------------  S Y S T E M  ---------------

OS: Windows 10.0 , 64 bit Build 10240 (10.0.10240.17113)

CPU:total 4 (initial active 4) (2 cores per cpu, 2 threads per core) family 6 model 61 stepping 4, cmov, cx8, fxsr, mmx, sse, sse2, sse3, ssse3, sse4.1, sse4.2, popcnt, avx, avx2, aes, clmul, erms, 3dnowpref, lzcnt, ht, tsc, tscinvbit, bmi1, bmi2, adx

Memory: 4k page, physical 4069200k(263140k free), swap 6690508k(3100k free)

vm_info: OpenJDK 64-Bit Server VM (25.152-b06) for windows-amd64 JRE (1.8.0_152-release-1136-b06), built by "builder" with MS VC++ 10.0 (VS2010)

time: Sat Jun 01 17:17:44 2019
elapsed time: 469 seconds (0d 0h 7m 49s)

